0 info it worked if it ends with ok
1 verbose cli [ 'C:\\Program Files\\nodejs\\node.exe',
1 verbose cli   'C:\\Program Files\\nodejs\\node_modules\\npm\\bin\\npm-cli.js',
1 verbose cli   'install' ]
2 info using npm@3.10.3
3 info using node@v6.5.0
4 silly loadCurrentTree Starting
5 silly install loadCurrentTree
6 silly install readLocalPackageData
7 silly install normalizeTree
8 silly loadCurrentTree Finishing
9 silly loadIdealTree Starting
10 silly install loadIdealTree
11 silly cloneCurrentTree Starting
12 silly install cloneCurrentTreeToIdealTree
13 silly cloneCurrentTree Finishing
14 silly loadShrinkwrap Starting
15 silly install loadShrinkwrap
16 silly loadShrinkwrap Finishing
17 silly loadAllDepsIntoIdealTree Starting
18 silly install loadAllDepsIntoIdealTree
19 silly fetchNamedPackageData fsevents
20 silly mapToRegistry name fsevents
21 silly mapToRegistry using default registry
22 silly mapToRegistry registry https://registry.npmjs.org/
23 silly mapToRegistry data Result {
23 silly mapToRegistry   raw: 'fsevents',
23 silly mapToRegistry   scope: null,
23 silly mapToRegistry   escapedName: 'fsevents',
23 silly mapToRegistry   name: 'fsevents',
23 silly mapToRegistry   rawSpec: '',
23 silly mapToRegistry   spec: 'latest',
23 silly mapToRegistry   type: 'tag' }
24 silly mapToRegistry uri https://registry.npmjs.org/fsevents
25 verbose request uri https://registry.npmjs.org/fsevents
26 verbose request no auth needed
27 info attempt registry request try #1 at 22:44:00
28 verbose request id 96acd8ee804ed092
29 verbose etag W/"58352bb5-bb79"
30 verbose lastModified Wed, 23 Nov 2016 05:40:05 GMT
31 http request GET https://registry.npmjs.org/fsevents
32 http 304 https://registry.npmjs.org/fsevents
33 verbose headers { date: 'Wed, 30 Nov 2016 21:43:59 GMT',
33 verbose headers   via: '1.1 varnish',
33 verbose headers   'cache-control': 'max-age=300',
33 verbose headers   etag: 'W/"58352bb5-bb79"',
33 verbose headers   age: '85',
33 verbose headers   connection: 'keep-alive',
33 verbose headers   'x-served-by': 'cache-fra1241-FRA',
33 verbose headers   'x-cache': 'HIT',
33 verbose headers   'x-cache-hits': '3',
33 verbose headers   'x-timer': 'S1480542239.932296,VS0,VE0',
33 verbose headers   vary: 'Accept-Encoding' }
34 silly get cb [ 304,
34 silly get   { date: 'Wed, 30 Nov 2016 21:43:59 GMT',
34 silly get     via: '1.1 varnish',
34 silly get     'cache-control': 'max-age=300',
34 silly get     etag: 'W/"58352bb5-bb79"',
34 silly get     age: '85',
34 silly get     connection: 'keep-alive',
34 silly get     'x-served-by': 'cache-fra1241-FRA',
34 silly get     'x-cache': 'HIT',
34 silly get     'x-cache-hits': '3',
34 silly get     'x-timer': 'S1480542239.932296,VS0,VE0',
34 silly get     vary: 'Accept-Encoding' } ]
35 verbose etag https://registry.npmjs.org/fsevents from cache
36 verbose get saving fsevents to C:\Users\antoi\AppData\Roaming\npm-cache\registry.npmjs.org\fsevents\.cache.json
37 verbose correctMkdir C:\Users\antoi\AppData\Roaming\npm-cache correctMkdir not in flight; initializing
38 silly resolveWithNewModule fsevents@1.0.15 checking installable status
39 silly loadAllDepsIntoIdealTree Finishing
40 silly loadIdealTree Finishing
41 silly currentTree githubexplorer@0.0.1
41 silly currentTree +-- abbrev@1.0.9
41 silly currentTree +-- accepts@1.2.13
41 silly currentTree +-- active-x-obfuscator@0.0.1
41 silly currentTree +-- align-text@0.1.4
41 silly currentTree +-- amdefine@1.0.1
41 silly currentTree +-- ansi-regex@0.2.1
41 silly currentTree +-- ansi-styles@1.1.0
41 silly currentTree +-- anymatch@1.3.0
41 silly currentTree +-- archy@0.0.2
41 silly currentTree +-- argparse@1.0.9
41 silly currentTree +-- arr-diff@2.0.0
41 silly currentTree +-- arr-flatten@1.0.1
41 silly currentTree +-- array-filter@0.0.1
41 silly currentTree +-- array-find-index@1.0.2
41 silly currentTree +-- array-flatten@1.1.1
41 silly currentTree +-- array-map@0.0.0
41 silly currentTree +-- array-reduce@0.0.0
41 silly currentTree +-- array-unique@0.2.1
41 silly currentTree +-- arrify@1.0.1
41 silly currentTree +-- asap@2.0.5
41 silly currentTree +-- asn1@0.1.11
41 silly currentTree +-- assert-plus@0.1.5
41 silly currentTree +-- async-each@1.0.1
41 silly currentTree +-- async@0.9.2
41 silly currentTree +-- asynckit@0.4.0
41 silly currentTree +-- aws-sign2@0.5.0
41 silly currentTree +-- aws4@1.5.0
41 silly currentTree +-- balanced-match@0.4.2
41 silly currentTree +-- base64-url@1.3.3
41 silly currentTree +-- base64id@0.1.0
41 silly currentTree +-- basic-auth-connect@1.0.0
41 silly currentTree +-- basic-auth@1.0.4
41 silly currentTree +-- batch@0.5.3
41 silly currentTree +-- bcrypt-pbkdf@1.0.0
41 silly currentTree +-- binary-extensions@1.7.0
41 silly currentTree +-- binary@0.3.0
41 silly currentTree +-- bl@0.9.5
41 silly currentTree +-- bluebird@3.4.6
41 silly currentTree +-- body-parser@1.15.2
41 silly currentTree +-- boom@0.4.2
41 silly currentTree +-- bower-config@0.5.2
41 silly currentTree | +-- graceful-fs@2.0.3
41 silly currentTree | `-- osenv@0.0.3
41 silly currentTree +-- bower-endpoint-parser@0.2.2
41 silly currentTree +-- bower-json@0.4.0
41 silly currentTree | `-- graceful-fs@2.0.3
41 silly currentTree +-- bower-logger@0.2.2
41 silly currentTree +-- bower-registry-client@0.2.4
41 silly currentTree | +-- async@0.2.10
41 silly currentTree | +-- graceful-fs@2.0.3
41 silly currentTree | +-- lru-cache@2.3.1
41 silly currentTree | +-- mime-types@1.0.2
41 silly currentTree | +-- mkdirp@0.3.5
41 silly currentTree | +-- qs@2.3.3
41 silly currentTree | `-- request@2.51.0
41 silly currentTree +-- bower@1.3.12
41 silly currentTree | +-- caseless@0.6.0
41 silly currentTree | +-- chalk@0.5.0
41 silly currentTree | +-- form-data@0.1.4
41 silly currentTree | +-- mime-types@1.0.2
41 silly currentTree | +-- oauth-sign@0.4.0
41 silly currentTree | +-- qs@1.2.2
41 silly currentTree | `-- request@2.42.0
41 silly currentTree +-- brace-expansion@1.1.6
41 silly currentTree +-- braces@1.8.5
41 silly currentTree +-- bson@0.5.7
41 silly currentTree +-- buffer-shims@1.0.0
41 silly currentTree +-- buffers@0.1.1
41 silly currentTree +-- builtin-modules@1.1.1
41 silly currentTree +-- bytes@2.4.0
41 silly currentTree +-- camel-case@3.0.0
41 silly currentTree +-- camelcase-keys@2.1.0
41 silly currentTree | `-- camelcase@2.1.1
41 silly currentTree +-- camelcase@1.2.1
41 silly currentTree +-- cardinal@0.4.0
41 silly currentTree +-- caseless@0.8.0
41 silly currentTree +-- center-align@0.1.3
41 silly currentTree +-- chainsaw@0.1.0
41 silly currentTree +-- chalk@0.5.1
41 silly currentTree +-- change-case@3.0.0
41 silly currentTree +-- chmodr@0.1.0
41 silly currentTree +-- chokidar@1.6.1
41 silly currentTree +-- clean-css@3.4.21
41 silly currentTree | +-- commander@2.8.1
41 silly currentTree | `-- source-map@0.4.4
41 silly currentTree +-- cli-color@0.3.3
41 silly currentTree +-- cli@0.4.5
41 silly currentTree +-- cliui@2.1.0
41 silly currentTree | `-- wordwrap@0.0.2
41 silly currentTree +-- coffee-script@1.3.3
41 silly currentTree +-- colors@0.6.2
41 silly currentTree +-- combined-stream@0.0.7
41 silly currentTree +-- commander@2.9.0
41 silly currentTree +-- compressible@2.0.9
41 silly currentTree +-- compression@1.5.2
41 silly currentTree | `-- bytes@2.1.0
41 silly currentTree +-- concat-map@0.0.1
41 silly currentTree +-- concat-stream@1.5.0
41 silly currentTree | +-- isarray@1.0.0
41 silly currentTree | `-- readable-stream@2.0.6
41 silly currentTree +-- config-chain@1.1.11
41 silly currentTree +-- configstore@0.3.2
41 silly currentTree | `-- object-assign@2.1.1
41 silly currentTree +-- connect-timeout@1.6.2
41 silly currentTree | `-- http-errors@1.3.1
41 silly currentTree +-- connect@2.30.2
41 silly currentTree | +-- body-parser@1.13.3
41 silly currentTree | +-- bytes@2.1.0
41 silly currentTree | +-- depd@1.0.1
41 silly currentTree | +-- http-errors@1.3.1
41 silly currentTree | +-- iconv-lite@0.4.11
41 silly currentTree | `-- qs@4.0.0
41 silly currentTree +-- console-browserify@0.1.6
41 silly currentTree +-- constant-case@2.0.0
41 silly currentTree +-- content-disposition@0.5.0
41 silly currentTree +-- content-type@1.0.2
41 silly currentTree +-- cookie-parser@1.3.5
41 silly currentTree +-- cookie-signature@1.0.6
41 silly currentTree +-- cookie@0.1.3
41 silly currentTree +-- core-util-is@1.0.2
41 silly currentTree +-- crc@3.3.0
41 silly currentTree +-- cryptiles@0.2.2
41 silly currentTree +-- csrf@3.0.4
41 silly currentTree +-- csurf@1.8.3
41 silly currentTree | `-- http-errors@1.3.1
41 silly currentTree +-- ctype@0.5.3
41 silly currentTree +-- currently-unhandled@0.4.1
41 silly currentTree +-- d@0.1.1
41 silly currentTree +-- dashdash@1.14.1
41 silly currentTree | `-- assert-plus@1.0.0
41 silly currentTree +-- date-time@0.1.1
41 silly currentTree +-- dateformat@1.0.2-1.2.3
41 silly currentTree +-- debug@2.2.0
41 silly currentTree +-- decamelize@1.2.0
41 silly currentTree +-- decompress-zip@0.0.8
41 silly currentTree | +-- nopt@2.2.1
41 silly currentTree | `-- readable-stream@1.1.14
41 silly currentTree +-- deep-equal@1.0.1
41 silly currentTree +-- deep-extend@0.2.11
41 silly currentTree +-- deep-is@0.1.3
41 silly currentTree +-- delayed-stream@0.0.5
41 silly currentTree +-- depd@1.1.0
41 silly currentTree +-- destroy@1.0.3
41 silly currentTree +-- di@0.0.1
41 silly currentTree +-- dot-case@2.1.0
41 silly currentTree +-- ecc-jsbn@0.1.1
41 silly currentTree +-- ee-first@1.1.1
41 silly currentTree +-- ejs@2.4.1
41 silly currentTree +-- end-of-stream@1.0.0
41 silly currentTree | `-- once@1.3.3
41 silly currentTree +-- errno@0.1.4
41 silly currentTree +-- error-ex@1.3.0
41 silly currentTree +-- errorhandler@1.4.3
41 silly currentTree | +-- accepts@1.3.3
41 silly currentTree | +-- escape-html@1.0.3
41 silly currentTree | `-- negotiator@0.6.1
41 silly currentTree +-- es5-ext@0.10.12
41 silly currentTree +-- es6-iterator@2.0.0
41 silly currentTree +-- es6-promise@3.2.1
41 silly currentTree +-- es6-symbol@3.1.0
41 silly currentTree +-- es6-weak-map@0.1.4
41 silly currentTree | +-- es6-iterator@0.1.3
41 silly currentTree | `-- es6-symbol@2.0.1
41 silly currentTree +-- escape-html@1.0.2
41 silly currentTree +-- escape-string-regexp@1.0.5
41 silly currentTree +-- escodegen@1.7.1
41 silly currentTree | +-- esprima@1.2.5
41 silly currentTree | +-- estraverse@1.9.3
41 silly currentTree | `-- source-map@0.2.0
41 silly currentTree +-- esprima@1.0.4
41 silly currentTree +-- estraverse@1.8.0
41 silly currentTree +-- esutils@2.0.2
41 silly currentTree +-- etag@1.7.0
41 silly currentTree +-- event-emitter@0.3.4
41 silly currentTree +-- eventemitter2@0.4.14
41 silly currentTree +-- exit@0.1.2
41 silly currentTree +-- expand-brackets@0.1.5
41 silly currentTree +-- expand-range@1.8.2
41 silly currentTree +-- express-session@1.11.3
41 silly currentTree | +-- base64-url@1.2.1
41 silly currentTree | +-- depd@1.0.1
41 silly currentTree | `-- uid-safe@2.0.0
41 silly currentTree +-- express@4.13.3
41 silly currentTree | +-- depd@1.0.1
41 silly currentTree | `-- qs@4.0.0
41 silly currentTree +-- extend@3.0.0
41 silly currentTree +-- extglob@0.3.2
41 silly currentTree +-- extract-zip@1.5.0
41 silly currentTree | `-- debug@0.7.4
41 silly currentTree +-- extsprintf@1.0.2
41 silly currentTree +-- fast-levenshtein@1.0.7
41 silly currentTree +-- faye-websocket@0.4.4
41 silly currentTree +-- fd-slicer@1.0.1
41 silly currentTree +-- figures@1.7.0
41 silly currentTree +-- filename-regex@2.0.0
41 silly currentTree +-- fileset@0.1.8
41 silly currentTree | +-- glob@3.2.11
41 silly currentTree | | `-- minimatch@0.3.0
41 silly currentTree | `-- minimatch@0.4.0
41 silly currentTree +-- fill-range@2.2.3
41 silly currentTree +-- finalhandler@0.4.0
41 silly currentTree +-- find-up@1.1.2
41 silly currentTree +-- findup-sync@0.1.3
41 silly currentTree | +-- glob@3.2.11
41 silly currentTree | `-- minimatch@0.3.0
41 silly currentTree +-- for-in@0.1.6
41 silly currentTree +-- for-own@0.1.4
41 silly currentTree +-- forever-agent@0.5.2
41 silly currentTree +-- form-data@0.2.0
41 silly currentTree | +-- mime-db@1.12.0
41 silly currentTree | `-- mime-types@2.0.14
41 silly currentTree +-- forwarded@0.1.0
41 silly currentTree +-- fresh@0.3.0
41 silly currentTree +-- fs-extra@0.26.7
41 silly currentTree | `-- graceful-fs@4.1.11
41 silly currentTree +-- fs.realpath@1.0.0
41 silly currentTree +-- fstream-ignore@1.0.5
41 silly currentTree +-- fstream@1.0.10
41 silly currentTree | `-- graceful-fs@4.1.11
41 silly currentTree +-- gaze@0.4.3
41 silly currentTree +-- generate-function@2.0.0
41 silly currentTree +-- generate-object-property@1.2.0
41 silly currentTree +-- get-stdin@4.0.1
41 silly currentTree +-- getobject@0.1.0
41 silly currentTree +-- getpass@0.1.6
41 silly currentTree | `-- assert-plus@1.0.0
41 silly currentTree +-- glob-base@0.3.0
41 silly currentTree +-- glob-parent@2.0.0
41 silly currentTree +-- glob@4.0.6
41 silly currentTree | `-- minimatch@1.0.0
41 silly currentTree +-- globule@0.1.0
41 silly currentTree | +-- glob@3.1.21
41 silly currentTree | +-- graceful-fs@1.2.3
41 silly currentTree | +-- inherits@1.0.2
41 silly currentTree | +-- lodash@1.0.2
41 silly currentTree | `-- minimatch@0.2.14
41 silly currentTree +-- got@0.3.0
41 silly currentTree | `-- object-assign@0.3.1
41 silly currentTree +-- graceful-fs@3.0.11
41 silly currentTree +-- graceful-readlink@1.0.1
41 silly currentTree +-- grunt-angular-templates@1.1.0
41 silly currentTree +-- grunt-cli@0.1.13
41 silly currentTree | `-- nopt@1.0.10
41 silly currentTree +-- grunt-concurrent@1.0.1
41 silly currentTree +-- grunt-contrib-clean@0.5.0
41 silly currentTree +-- grunt-contrib-concat@0.3.0
41 silly currentTree +-- grunt-contrib-jshint@0.6.5
41 silly currentTree +-- grunt-contrib-less@1.4.0
41 silly currentTree | +-- ansi-regex@2.0.0
41 silly currentTree | +-- ansi-styles@2.2.1
41 silly currentTree | +-- async@2.1.4
41 silly currentTree | +-- chalk@1.1.3
41 silly currentTree | +-- has-ansi@2.0.0
41 silly currentTree | +-- lodash@4.17.2
41 silly currentTree | +-- strip-ansi@3.0.1
41 silly currentTree | `-- supports-color@2.0.0
41 silly currentTree +-- grunt-contrib-uglify@0.2.7
41 silly currentTree | +-- async@0.2.10
41 silly currentTree | +-- source-map@0.1.34
41 silly currentTree | +-- uglify-js@2.4.24
41 silly currentTree | +-- wordwrap@0.0.2
41 silly currentTree | `-- yargs@3.5.4
41 silly currentTree +-- grunt-contrib-watch@0.5.3
41 silly currentTree +-- grunt-exec@0.4.7
41 silly currentTree +-- grunt-injector@0.5.4
41 silly currentTree +-- grunt-legacy-log-utils@0.1.1
41 silly currentTree | `-- underscore.string@2.3.3
41 silly currentTree +-- grunt-legacy-log@0.1.3
41 silly currentTree | `-- underscore.string@2.3.3
41 silly currentTree +-- grunt-legacy-util@0.2.0
41 silly currentTree | +-- async@0.1.22
41 silly currentTree | `-- lodash@0.9.2
41 silly currentTree +-- grunt-lib-contrib@0.6.1
41 silly currentTree +-- grunt@0.4.5
41 silly currentTree | +-- argparse@0.1.16
41 silly currentTree | | `-- underscore.string@2.4.0
41 silly currentTree | +-- async@0.1.22
41 silly currentTree | +-- glob@3.1.21
41 silly currentTree | +-- graceful-fs@1.2.3
41 silly currentTree | +-- iconv-lite@0.2.11
41 silly currentTree | +-- inherits@1.0.2
41 silly currentTree | +-- js-yaml@2.0.5
41 silly currentTree | +-- lodash@0.9.2
41 silly currentTree | +-- minimatch@0.2.14
41 silly currentTree | `-- nopt@1.0.10
41 silly currentTree +-- handlebars@2.0.0
41 silly currentTree | `-- optimist@0.3.7
41 silly currentTree +-- har-validator@2.0.6
41 silly currentTree | +-- ansi-regex@2.0.0
41 silly currentTree | +-- ansi-styles@2.2.1
41 silly currentTree | +-- chalk@1.1.3
41 silly currentTree | +-- has-ansi@2.0.0
41 silly currentTree | +-- strip-ansi@3.0.1
41 silly currentTree | `-- supports-color@2.0.0
41 silly currentTree +-- has-ansi@0.1.0
41 silly currentTree +-- has-color@0.1.7
41 silly currentTree +-- has-flag@1.0.0
41 silly currentTree +-- hasha@2.2.0
41 silly currentTree +-- hawk@1.1.1
41 silly currentTree +-- he@1.1.0
41 silly currentTree +-- header-case@1.0.0
41 silly currentTree +-- hoek@0.9.1
41 silly currentTree +-- hooker@0.2.3
41 silly currentTree +-- hosted-git-info@2.1.5
41 silly currentTree +-- html-minifier@2.1.7
41 silly currentTree | +-- async@0.2.10
41 silly currentTree | +-- source-map@0.5.6
41 silly currentTree | `-- uglify-js@2.6.4
41 silly currentTree +-- http-errors@1.5.1
41 silly currentTree +-- http-proxy@0.10.4
41 silly currentTree +-- http-signature@0.10.1
41 silly currentTree +-- i@0.3.5
41 silly currentTree +-- ibrik@2.0.0
41 silly currentTree | +-- coffee-script@1.8.0
41 silly currentTree | | `-- mkdirp@0.3.5
41 silly currentTree | `-- esprima@1.2.5
41 silly currentTree +-- iconv-lite@0.4.13
41 silly currentTree +-- image-size@0.5.0
41 silly currentTree +-- indent-string@2.1.0
41 silly currentTree +-- inflight@1.0.6
41 silly currentTree +-- inherits@2.0.3
41 silly currentTree +-- ini@1.3.4
41 silly currentTree +-- inquirer@0.7.1
41 silly currentTree +-- insight@0.4.3
41 silly currentTree | +-- inquirer@0.6.0
41 silly currentTree | +-- object-assign@1.0.0
41 silly currentTree | `-- tough-cookie@0.12.1
41 silly currentTree +-- intersect@0.0.3
41 silly currentTree +-- ipaddr.js@1.0.5
41 silly currentTree +-- is-arrayish@0.2.1
41 silly currentTree +-- is-binary-path@1.0.1
41 silly currentTree +-- is-buffer@1.1.4
41 silly currentTree +-- is-builtin-module@1.0.0
41 silly currentTree +-- is-dotfile@1.0.2
41 silly currentTree +-- is-equal-shallow@0.1.3
41 silly currentTree +-- is-extendable@0.1.1
41 silly currentTree +-- is-extglob@1.0.0
41 silly currentTree +-- is-finite@1.0.2
41 silly currentTree +-- is-glob@2.0.1
41 silly currentTree +-- is-lower-case@1.1.3
41 silly currentTree +-- is-my-json-valid@2.15.0
41 silly currentTree +-- is-number@2.1.0
41 silly currentTree +-- is-posix-bracket@0.1.1
41 silly currentTree +-- is-primitive@2.0.0
41 silly currentTree +-- is-property@1.0.2
41 silly currentTree +-- is-root@1.0.0
41 silly currentTree +-- is-stream@1.1.0
41 silly currentTree +-- is-typedarray@1.0.0
41 silly currentTree +-- is-upper-case@1.1.2
41 silly currentTree +-- is-utf8@0.2.1
41 silly currentTree +-- isarray@0.0.1
41 silly currentTree +-- isexe@1.1.2
41 silly currentTree +-- isobject@2.1.0
41 silly currentTree | `-- isarray@1.0.0
41 silly currentTree +-- isstream@0.1.2
41 silly currentTree +-- istanbul@0.3.22
41 silly currentTree | +-- async@1.5.2
41 silly currentTree | +-- esprima@2.5.0
41 silly currentTree | +-- fileset@0.2.1
41 silly currentTree | +-- glob@5.0.15
41 silly currentTree | +-- handlebars@4.0.6
41 silly currentTree | +-- minimatch@2.0.10
41 silly currentTree | +-- resolve@1.1.7
41 silly currentTree | +-- source-map@0.4.4
41 silly currentTree | +-- supports-color@3.1.2
41 silly currentTree | +-- uglify-js@2.7.5
41 silly currentTree | | +-- async@0.2.10
41 silly currentTree | | `-- source-map@0.5.6
41 silly currentTree | +-- which@1.2.12
41 silly currentTree | `-- wordwrap@1.0.0
41 silly currentTree +-- jodid25519@1.0.2
41 silly currentTree +-- js-yaml@3.7.0
41 silly currentTree | `-- esprima@2.7.3
41 silly currentTree +-- jsbn@0.1.0
41 silly currentTree +-- jshint@2.1.11
41 silly currentTree | +-- minimatch@0.4.0
41 silly currentTree | `-- underscore@1.4.4
41 silly currentTree +-- json-schema@0.2.3
41 silly currentTree +-- json-stringify-safe@5.0.1
41 silly currentTree +-- jsonfile@2.4.0
41 silly currentTree | `-- graceful-fs@4.1.11
41 silly currentTree +-- jsonify@0.0.0
41 silly currentTree +-- jsonpointer@4.0.0
41 silly currentTree +-- jsprim@1.3.1
41 silly currentTree +-- junk@1.0.3
41 silly currentTree +-- karma-chrome-launcher@0.1.12
41 silly currentTree +-- karma-coverage@0.2.7
41 silly currentTree | +-- dateformat@1.0.12
41 silly currentTree | `-- minimatch@0.3.0
41 silly currentTree +-- karma-firefox-launcher@0.1.7
41 silly currentTree +-- karma-jasmine@0.2.3
41 silly currentTree +-- karma-phantomjs-launcher@0.1.4
41 silly currentTree +-- karma-spec-reporter@0.0.23
41 silly currentTree +-- karma@0.12.37
41 silly currentTree | +-- colors@1.1.2
41 silly currentTree | +-- glob@5.0.15
41 silly currentTree | +-- lodash@3.10.1
41 silly currentTree | +-- mime@1.3.4
41 silly currentTree | +-- minimatch@2.0.10
41 silly currentTree | +-- q@1.4.1
41 silly currentTree | +-- rimraf@2.5.4
41 silly currentTree | | +-- glob@7.1.1
41 silly currentTree | | `-- minimatch@3.0.3
41 silly currentTree | `-- source-map@0.4.4
41 silly currentTree +-- kew@0.7.0
41 silly currentTree +-- kind-of@3.0.4
41 silly currentTree +-- klaw@1.3.1
41 silly currentTree | `-- graceful-fs@4.1.11
41 silly currentTree +-- latest-version@0.2.0
41 silly currentTree +-- lazy-cache@1.0.4
41 silly currentTree +-- less@2.7.1
41 silly currentTree | +-- graceful-fs@4.1.11
41 silly currentTree | `-- source-map@0.5.6
41 silly currentTree +-- levn@0.2.5
41 silly currentTree +-- load-grunt-tasks@0.5.0
41 silly currentTree +-- load-json-file@1.1.0
41 silly currentTree | `-- graceful-fs@4.1.11
41 silly currentTree +-- lockfile@1.0.2
41 silly currentTree +-- lodash._isnative@2.4.1
41 silly currentTree +-- lodash._objecttypes@2.4.1
41 silly currentTree +-- lodash.debounce@2.4.1
41 silly currentTree +-- lodash.isfunction@2.4.1
41 silly currentTree +-- lodash.isobject@2.4.1
41 silly currentTree +-- lodash.now@2.4.1
41 silly currentTree +-- lodash@2.4.2
41 silly currentTree +-- log4js@0.6.38
41 silly currentTree | `-- semver@4.3.6
41 silly currentTree +-- longest@1.0.1
41 silly currentTree +-- loud-rejection@1.6.0
41 silly currentTree +-- lower-case-first@1.0.2
41 silly currentTree +-- lower-case@1.1.3
41 silly currentTree +-- lpad@1.0.0
41 silly currentTree +-- lru-cache@2.5.2
41 silly currentTree +-- lru-queue@0.1.0
41 silly currentTree +-- map-obj@1.0.1
41 silly currentTree +-- media-typer@0.3.0
41 silly currentTree +-- memoizee@0.3.10
41 silly currentTree +-- meow@3.7.0
41 silly currentTree | `-- minimist@1.2.0
41 silly currentTree +-- merge-descriptors@1.0.0
41 silly currentTree +-- method-override@2.3.7
41 silly currentTree | +-- debug@2.3.3
41 silly currentTree | +-- ms@0.7.2
41 silly currentTree | `-- vary@1.1.0
41 silly currentTree +-- methods@1.1.2
41 silly currentTree +-- micromatch@2.3.11
41 silly currentTree +-- mime-db@1.25.0
41 silly currentTree +-- mime-types@2.1.13
41 silly currentTree +-- mime@1.2.11
41 silly currentTree +-- minimatch@3.0.3
41 silly currentTree +-- minimist@0.0.10
41 silly currentTree +-- mkdirp@0.5.0
41 silly currentTree | `-- minimist@0.0.8
41 silly currentTree +-- mkpath@0.1.0
41 silly currentTree +-- mongodb-core@2.0.14
41 silly currentTree +-- mongodb@2.2.12
41 silly currentTree | +-- isarray@1.0.0
41 silly currentTree | `-- readable-stream@2.1.5
41 silly currentTree +-- morgan@1.6.1
41 silly currentTree | `-- depd@1.0.1
41 silly currentTree +-- mout@0.9.1
41 silly currentTree +-- ms@0.7.1
41 silly currentTree +-- multimatch@0.2.0
41 silly currentTree | `-- minimatch@0.3.0
41 silly currentTree +-- multiparty@3.3.2
41 silly currentTree | `-- readable-stream@1.1.14
41 silly currentTree +-- mute-stream@0.0.4
41 silly currentTree +-- nan@1.0.0
41 silly currentTree +-- natives@1.1.0
41 silly currentTree +-- ncname@1.0.0
41 silly currentTree +-- ncp@0.4.2
41 silly currentTree +-- negotiator@0.5.3
41 silly currentTree +-- next-tick@0.2.2
41 silly currentTree +-- no-case@2.3.0
41 silly currentTree +-- node-uuid@1.4.7
41 silly currentTree +-- nopt@3.0.6
41 silly currentTree +-- noptify@0.0.3
41 silly currentTree | `-- nopt@2.0.0
41 silly currentTree +-- normalize-package-data@2.3.5
41 silly currentTree +-- normalize-path@2.0.1
41 silly currentTree +-- npmconf@2.1.2
41 silly currentTree | `-- once@1.3.3
41 silly currentTree +-- number-is-nan@1.0.1
41 silly currentTree +-- oauth-sign@0.5.0
41 silly currentTree +-- object-assign@4.1.0
41 silly currentTree +-- object-keys@0.4.0
41 silly currentTree +-- object.omit@2.0.1
41 silly currentTree +-- on-finished@2.3.0
41 silly currentTree +-- on-headers@1.0.1
41 silly currentTree +-- once@1.4.0
41 silly currentTree +-- opn@1.0.2
41 silly currentTree +-- optimist@0.6.1
41 silly currentTree +-- optionator@0.5.0
41 silly currentTree +-- options@0.0.6
41 silly currentTree +-- os-name@1.0.3
41 silly currentTree +-- osenv@0.1.0
41 silly currentTree +-- osx-release@1.1.0
41 silly currentTree | `-- minimist@1.2.0
41 silly currentTree +-- p-throttler@0.1.0
41 silly currentTree | `-- q@0.9.7
41 silly currentTree +-- package-json@0.2.0
41 silly currentTree +-- pad-stdio@1.0.0
41 silly currentTree +-- param-case@2.1.0
41 silly currentTree +-- parse-glob@3.0.4
41 silly currentTree +-- parse-json@2.2.0
41 silly currentTree +-- parseurl@1.3.1
41 silly currentTree +-- pascal-case@2.0.0
41 silly currentTree +-- path-case@2.1.0
41 silly currentTree +-- path-exists@2.1.0
41 silly currentTree +-- path-is-absolute@1.0.1
41 silly currentTree +-- path-to-regexp@0.1.7
41 silly currentTree +-- path-type@1.1.0
41 silly currentTree | `-- graceful-fs@4.1.11
41 silly currentTree +-- pause@0.1.0
41 silly currentTree +-- pend@1.2.0
41 silly currentTree +-- phantomjs@1.9.20
41 silly currentTree | +-- assert-plus@0.2.0
41 silly currentTree | +-- async@2.1.4
41 silly currentTree | +-- aws-sign2@0.6.0
41 silly currentTree | +-- bl@1.0.3
41 silly currentTree | +-- boom@2.10.1
41 silly currentTree | +-- caseless@0.11.0
41 silly currentTree | +-- combined-stream@1.0.5
41 silly currentTree | +-- cryptiles@2.0.5
41 silly currentTree | +-- delayed-stream@1.0.0
41 silly currentTree | +-- forever-agent@0.6.1
41 silly currentTree | +-- form-data@1.0.1
41 silly currentTree | +-- hawk@3.1.3
41 silly currentTree | +-- hoek@2.16.3
41 silly currentTree | +-- http-signature@1.1.1
41 silly currentTree | +-- isarray@1.0.0
41 silly currentTree | +-- lodash@4.17.2
41 silly currentTree | +-- oauth-sign@0.8.2
41 silly currentTree | +-- qs@5.2.1
41 silly currentTree | +-- readable-stream@2.0.6
41 silly currentTree | +-- request-progress@2.0.1
41 silly currentTree | +-- request@2.67.0
41 silly currentTree | +-- sntp@1.0.9
41 silly currentTree | +-- throttleit@1.0.0
41 silly currentTree | +-- tough-cookie@2.2.2
41 silly currentTree | `-- which@1.2.12
41 silly currentTree +-- pify@2.3.0
41 silly currentTree +-- pinkie-promise@2.0.1
41 silly currentTree +-- pinkie@2.0.4
41 silly currentTree +-- pkginfo@0.3.1
41 silly currentTree +-- policyfile@0.0.4
41 silly currentTree +-- prelude-ls@1.1.2
41 silly currentTree +-- preserve@0.2.0
41 silly currentTree +-- pretty-ms@0.1.0
41 silly currentTree +-- process-nextick-args@1.0.7
41 silly currentTree +-- progress@1.1.8
41 silly currentTree +-- promise@7.1.1
41 silly currentTree +-- promptly@0.2.0
41 silly currentTree +-- proto-list@1.2.4
41 silly currentTree +-- proxy-addr@1.0.10
41 silly currentTree +-- prr@0.0.0
41 silly currentTree +-- pump@0.3.5
41 silly currentTree | `-- once@1.2.0
41 silly currentTree +-- punycode@1.4.1
41 silly currentTree +-- q@1.0.1
41 silly currentTree +-- qs@6.2.0
41 silly currentTree +-- random-bytes@1.0.0
41 silly currentTree +-- randomatic@1.1.6
41 silly currentTree +-- range-parser@1.0.3
41 silly currentTree +-- raw-body@2.1.7
41 silly currentTree +-- read-pkg-up@1.0.1
41 silly currentTree +-- read-pkg@1.1.0
41 silly currentTree +-- read@1.0.7
41 silly currentTree +-- readable-stream@1.0.34
41 silly currentTree +-- readdirp@2.1.0
41 silly currentTree | +-- graceful-fs@4.1.11
41 silly currentTree | +-- isarray@1.0.0
41 silly currentTree | `-- readable-stream@2.2.2
41 silly currentTree +-- readline2@0.1.1
41 silly currentTree | +-- ansi-regex@1.1.1
41 silly currentTree | `-- strip-ansi@2.0.1
41 silly currentTree +-- redent@1.0.0
41 silly currentTree +-- redeyed@0.4.4
41 silly currentTree +-- redis@0.7.3
41 silly currentTree +-- regex-cache@0.4.3
41 silly currentTree +-- registry-url@0.1.1
41 silly currentTree +-- relateurl@0.2.7
41 silly currentTree +-- repeat-element@1.1.2
41 silly currentTree +-- repeat-string@1.6.1
41 silly currentTree +-- repeating@2.0.1
41 silly currentTree +-- request-progress@0.3.0
41 silly currentTree +-- request-promise-core@1.1.1
41 silly currentTree | `-- lodash@4.17.2
41 silly currentTree +-- request-promise@4.1.1
41 silly currentTree +-- request-replay@0.2.0
41 silly currentTree +-- request@2.79.0
41 silly currentTree | +-- assert-plus@0.2.0
41 silly currentTree | +-- aws-sign2@0.6.0
41 silly currentTree | +-- boom@2.10.1
41 silly currentTree | +-- caseless@0.11.0
41 silly currentTree | +-- combined-stream@1.0.5
41 silly currentTree | +-- cryptiles@2.0.5
41 silly currentTree | +-- delayed-stream@1.0.0
41 silly currentTree | +-- forever-agent@0.6.1
41 silly currentTree | +-- form-data@2.1.2
41 silly currentTree | +-- hawk@3.1.3
41 silly currentTree | +-- hoek@2.16.3
41 silly currentTree | +-- http-signature@1.1.1
41 silly currentTree | +-- oauth-sign@0.8.2
41 silly currentTree | +-- qs@6.3.0
41 silly currentTree | +-- sntp@1.0.9
41 silly currentTree | `-- uuid@3.0.1
41 silly currentTree +-- require_optional@1.0.0
41 silly currentTree | `-- semver@5.3.0
41 silly currentTree +-- resolve-from@2.0.0
41 silly currentTree +-- resolve@0.3.1
41 silly currentTree +-- response-time@2.3.2
41 silly currentTree +-- retry@0.6.0
41 silly currentTree +-- right-align@0.1.3
41 silly currentTree +-- rimraf@2.2.8
41 silly currentTree +-- rndm@1.2.0
41 silly currentTree +-- rx@2.5.3
41 silly currentTree +-- semver-diff@0.1.0
41 silly currentTree +-- semver@2.3.2
41 silly currentTree +-- send@0.13.0
41 silly currentTree | +-- depd@1.0.1
41 silly currentTree | +-- http-errors@1.3.1
41 silly currentTree | +-- mime@1.3.4
41 silly currentTree | `-- statuses@1.2.1
41 silly currentTree +-- sentence-case@2.1.0
41 silly currentTree +-- serve-favicon@2.3.2
41 silly currentTree | `-- ms@0.7.2
41 silly currentTree +-- serve-index@1.7.3
41 silly currentTree | +-- escape-html@1.0.3
41 silly currentTree | `-- http-errors@1.3.1
41 silly currentTree +-- serve-static@1.10.3
41 silly currentTree | +-- destroy@1.0.4
41 silly currentTree | +-- escape-html@1.0.3
41 silly currentTree | +-- http-errors@1.3.1
41 silly currentTree | +-- mime@1.3.4
41 silly currentTree | +-- send@0.13.2
41 silly currentTree | `-- statuses@1.2.1
41 silly currentTree +-- set-immediate-shim@1.0.1
41 silly currentTree +-- setprototypeof@1.0.2
41 silly currentTree +-- shell-quote@1.4.3
41 silly currentTree +-- shelljs@0.1.4
41 silly currentTree +-- sigmund@1.0.1
41 silly currentTree +-- signal-exit@3.0.1
41 silly currentTree +-- snake-case@2.1.0
41 silly currentTree +-- sntp@0.2.4
41 silly currentTree +-- socket.io-client@0.9.16
41 silly currentTree | `-- uglify-js@1.2.5
41 silly currentTree +-- socket.io@0.9.16
41 silly currentTree +-- source-map@0.1.43
41 silly currentTree +-- spdx-correct@1.0.2
41 silly currentTree +-- spdx-expression-parse@1.0.4
41 silly currentTree +-- spdx-license-ids@1.2.2
41 silly currentTree +-- sprintf-js@1.0.3
41 silly currentTree +-- sshpk@1.10.1
41 silly currentTree | +-- asn1@0.2.3
41 silly currentTree | `-- assert-plus@1.0.0
41 silly currentTree +-- statuses@1.3.1
41 silly currentTree +-- stealthy-require@1.0.0
41 silly currentTree +-- stream-counter@0.2.0
41 silly currentTree | `-- readable-stream@1.1.14
41 silly currentTree +-- string_decoder@0.10.31
41 silly currentTree +-- string-length@0.1.2
41 silly currentTree | +-- ansi-regex@0.1.0
41 silly currentTree | `-- strip-ansi@0.2.2
41 silly currentTree +-- stringify-object@1.0.1
41 silly currentTree +-- stringstream@0.0.5
41 silly currentTree +-- strip-ansi@0.3.0
41 silly currentTree +-- strip-bom@2.0.0
41 silly currentTree +-- strip-indent@1.0.1
41 silly currentTree +-- supports-color@0.2.0
41 silly currentTree +-- swap-case@1.1.2
41 silly currentTree +-- tar-fs@0.5.2
41 silly currentTree +-- tar-stream@0.4.7
41 silly currentTree +-- text-table@0.2.0
41 silly currentTree +-- throttleit@0.0.2
41 silly currentTree +-- through@2.3.8
41 silly currentTree +-- through2@0.4.2
41 silly currentTree | `-- xtend@2.1.2
41 silly currentTree +-- time-grunt@0.3.2
41 silly currentTree | +-- ansi-styles@1.0.0
41 silly currentTree | +-- chalk@0.4.0
41 silly currentTree | `-- strip-ansi@0.1.1
41 silly currentTree +-- timers-ext@0.1.0
41 silly currentTree +-- tiny-lr@0.0.4
41 silly currentTree | +-- debug@0.7.4
41 silly currentTree | `-- qs@0.5.6
41 silly currentTree +-- tinycolor@0.0.1
41 silly currentTree +-- title-case@2.1.0
41 silly currentTree +-- tmp@0.0.23
41 silly currentTree +-- touch@0.0.2
41 silly currentTree | `-- nopt@1.0.10
41 silly currentTree +-- tough-cookie@2.3.2
41 silly currentTree +-- traverse@0.3.9
41 silly currentTree +-- trim-newlines@1.0.0
41 silly currentTree +-- tsscmp@1.0.5
41 silly currentTree +-- tunnel-agent@0.4.3
41 silly currentTree +-- tweetnacl@0.14.3
41 silly currentTree +-- type-check@0.3.2
41 silly currentTree +-- type-is@1.6.14
41 silly currentTree +-- typedarray@0.0.6
41 silly currentTree +-- uglify-js@2.3.6
41 silly currentTree | +-- async@0.2.10
41 silly currentTree | `-- optimist@0.3.7
41 silly currentTree +-- uglify-to-browserify@1.0.2
41 silly currentTree +-- uid-number@0.0.5
41 silly currentTree +-- uid-safe@2.1.3
41 silly currentTree +-- underscore.string@2.2.1
41 silly currentTree +-- underscore@1.7.0
41 silly currentTree +-- unpipe@1.0.0
41 silly currentTree +-- update-notifier@0.2.0
41 silly currentTree +-- upper-case-first@1.1.2
41 silly currentTree +-- upper-case@1.1.3
41 silly currentTree +-- user-home@1.1.1
41 silly currentTree +-- useragent@2.1.9
41 silly currentTree | `-- lru-cache@2.2.4
41 silly currentTree +-- util-deprecate@1.0.2
41 silly currentTree +-- utile@0.2.1
41 silly currentTree | `-- async@0.2.10
41 silly currentTree +-- utils-merge@1.0.0
41 silly currentTree +-- uuid@2.0.3
41 silly currentTree +-- validate-npm-package-license@3.0.1
41 silly currentTree +-- vary@1.0.1
41 silly currentTree +-- verror@1.3.6
41 silly currentTree +-- vhost@3.0.2
41 silly currentTree +-- which@1.0.9
41 silly currentTree +-- win-release@1.1.1
41 silly currentTree | `-- semver@5.3.0
41 silly currentTree +-- window-size@0.1.0
41 silly currentTree +-- wiredep@1.7.3
41 silly currentTree | +-- ansi-styles@0.1.2
41 silly currentTree | +-- chalk@0.1.1
41 silly currentTree | +-- glob@3.2.11
41 silly currentTree | +-- lodash@1.3.1
41 silly currentTree | +-- minimatch@0.3.0
41 silly currentTree | `-- minimist@0.1.0
41 silly currentTree +-- wordwrap@0.0.3
41 silly currentTree +-- wrappy@1.0.2
41 silly currentTree +-- ws@0.4.32
41 silly currentTree | `-- commander@2.1.0
41 silly currentTree +-- xdg-basedir@1.0.1
41 silly currentTree +-- xml-char-classes@1.0.0
41 silly currentTree +-- xmlhttprequest@1.4.2
41 silly currentTree +-- xtend@4.0.1
41 silly currentTree +-- yargs@3.10.0
41 silly currentTree +-- yauzl@2.4.1
41 silly currentTree +-- zeparser@0.0.5
41 silly currentTree `-- zlib-browserify@0.0.1
42 silly idealTree githubexplorer@0.0.1
42 silly idealTree +-- abbrev@1.0.9
42 silly idealTree +-- accepts@1.2.13
42 silly idealTree +-- active-x-obfuscator@0.0.1
42 silly idealTree +-- align-text@0.1.4
42 silly idealTree +-- amdefine@1.0.1
42 silly idealTree +-- ansi-regex@0.2.1
42 silly idealTree +-- ansi-styles@1.1.0
42 silly idealTree +-- anymatch@1.3.0
42 silly idealTree +-- archy@0.0.2
42 silly idealTree +-- argparse@1.0.9
42 silly idealTree +-- arr-diff@2.0.0
42 silly idealTree +-- arr-flatten@1.0.1
42 silly idealTree +-- array-filter@0.0.1
42 silly idealTree +-- array-find-index@1.0.2
42 silly idealTree +-- array-flatten@1.1.1
42 silly idealTree +-- array-map@0.0.0
42 silly idealTree +-- array-reduce@0.0.0
42 silly idealTree +-- array-unique@0.2.1
42 silly idealTree +-- arrify@1.0.1
42 silly idealTree +-- asap@2.0.5
42 silly idealTree +-- asn1@0.1.11
42 silly idealTree +-- assert-plus@0.1.5
42 silly idealTree +-- async-each@1.0.1
42 silly idealTree +-- async@0.9.2
42 silly idealTree +-- asynckit@0.4.0
42 silly idealTree +-- aws-sign2@0.5.0
42 silly idealTree +-- aws4@1.5.0
42 silly idealTree +-- balanced-match@0.4.2
42 silly idealTree +-- base64-url@1.3.3
42 silly idealTree +-- base64id@0.1.0
42 silly idealTree +-- basic-auth-connect@1.0.0
42 silly idealTree +-- basic-auth@1.0.4
42 silly idealTree +-- batch@0.5.3
42 silly idealTree +-- bcrypt-pbkdf@1.0.0
42 silly idealTree +-- binary-extensions@1.7.0
42 silly idealTree +-- binary@0.3.0
42 silly idealTree +-- bl@0.9.5
42 silly idealTree +-- bluebird@3.4.6
42 silly idealTree +-- body-parser@1.15.2
42 silly idealTree +-- boom@0.4.2
42 silly idealTree +-- bower-config@0.5.2
42 silly idealTree | +-- graceful-fs@2.0.3
42 silly idealTree | `-- osenv@0.0.3
42 silly idealTree +-- bower-endpoint-parser@0.2.2
42 silly idealTree +-- bower-json@0.4.0
42 silly idealTree | `-- graceful-fs@2.0.3
42 silly idealTree +-- bower-logger@0.2.2
42 silly idealTree +-- bower-registry-client@0.2.4
42 silly idealTree | +-- async@0.2.10
42 silly idealTree | +-- graceful-fs@2.0.3
42 silly idealTree | +-- lru-cache@2.3.1
42 silly idealTree | +-- mime-types@1.0.2
42 silly idealTree | +-- mkdirp@0.3.5
42 silly idealTree | +-- qs@2.3.3
42 silly idealTree | `-- request@2.51.0
42 silly idealTree +-- bower@1.3.12
42 silly idealTree | +-- caseless@0.6.0
42 silly idealTree | +-- chalk@0.5.0
42 silly idealTree | +-- form-data@0.1.4
42 silly idealTree | +-- mime-types@1.0.2
42 silly idealTree | +-- oauth-sign@0.4.0
42 silly idealTree | +-- qs@1.2.2
42 silly idealTree | `-- request@2.42.0
42 silly idealTree +-- brace-expansion@1.1.6
42 silly idealTree +-- braces@1.8.5
42 silly idealTree +-- bson@0.5.7
42 silly idealTree +-- buffer-shims@1.0.0
42 silly idealTree +-- buffers@0.1.1
42 silly idealTree +-- builtin-modules@1.1.1
42 silly idealTree +-- bytes@2.4.0
42 silly idealTree +-- camel-case@3.0.0
42 silly idealTree +-- camelcase-keys@2.1.0
42 silly idealTree | `-- camelcase@2.1.1
42 silly idealTree +-- camelcase@1.2.1
42 silly idealTree +-- cardinal@0.4.0
42 silly idealTree +-- caseless@0.8.0
42 silly idealTree +-- center-align@0.1.3
42 silly idealTree +-- chainsaw@0.1.0
42 silly idealTree +-- chalk@0.5.1
42 silly idealTree +-- change-case@3.0.0
42 silly idealTree +-- chmodr@0.1.0
42 silly idealTree +-- chokidar@1.6.1
42 silly idealTree +-- clean-css@3.4.21
42 silly idealTree | +-- commander@2.8.1
42 silly idealTree | `-- source-map@0.4.4
42 silly idealTree +-- cli-color@0.3.3
42 silly idealTree +-- cli@0.4.5
42 silly idealTree +-- cliui@2.1.0
42 silly idealTree | `-- wordwrap@0.0.2
42 silly idealTree +-- coffee-script@1.3.3
42 silly idealTree +-- colors@0.6.2
42 silly idealTree +-- combined-stream@0.0.7
42 silly idealTree +-- commander@2.9.0
42 silly idealTree +-- compressible@2.0.9
42 silly idealTree +-- compression@1.5.2
42 silly idealTree | `-- bytes@2.1.0
42 silly idealTree +-- concat-map@0.0.1
42 silly idealTree +-- concat-stream@1.5.0
42 silly idealTree | +-- isarray@1.0.0
42 silly idealTree | `-- readable-stream@2.0.6
42 silly idealTree +-- config-chain@1.1.11
42 silly idealTree +-- configstore@0.3.2
42 silly idealTree | `-- object-assign@2.1.1
42 silly idealTree +-- connect-timeout@1.6.2
42 silly idealTree | `-- http-errors@1.3.1
42 silly idealTree +-- connect@2.30.2
42 silly idealTree | +-- body-parser@1.13.3
42 silly idealTree | +-- bytes@2.1.0
42 silly idealTree | +-- depd@1.0.1
42 silly idealTree | +-- http-errors@1.3.1
42 silly idealTree | +-- iconv-lite@0.4.11
42 silly idealTree | `-- qs@4.0.0
42 silly idealTree +-- console-browserify@0.1.6
42 silly idealTree +-- constant-case@2.0.0
42 silly idealTree +-- content-disposition@0.5.0
42 silly idealTree +-- content-type@1.0.2
42 silly idealTree +-- cookie-parser@1.3.5
42 silly idealTree +-- cookie-signature@1.0.6
42 silly idealTree +-- cookie@0.1.3
42 silly idealTree +-- core-util-is@1.0.2
42 silly idealTree +-- crc@3.3.0
42 silly idealTree +-- cryptiles@0.2.2
42 silly idealTree +-- csrf@3.0.4
42 silly idealTree +-- csurf@1.8.3
42 silly idealTree | `-- http-errors@1.3.1
42 silly idealTree +-- ctype@0.5.3
42 silly idealTree +-- currently-unhandled@0.4.1
42 silly idealTree +-- d@0.1.1
42 silly idealTree +-- dashdash@1.14.1
42 silly idealTree | `-- assert-plus@1.0.0
42 silly idealTree +-- date-time@0.1.1
42 silly idealTree +-- dateformat@1.0.2-1.2.3
42 silly idealTree +-- debug@2.2.0
42 silly idealTree +-- decamelize@1.2.0
42 silly idealTree +-- decompress-zip@0.0.8
42 silly idealTree | +-- nopt@2.2.1
42 silly idealTree | `-- readable-stream@1.1.14
42 silly idealTree +-- deep-equal@1.0.1
42 silly idealTree +-- deep-extend@0.2.11
42 silly idealTree +-- deep-is@0.1.3
42 silly idealTree +-- delayed-stream@0.0.5
42 silly idealTree +-- depd@1.1.0
42 silly idealTree +-- destroy@1.0.3
42 silly idealTree +-- di@0.0.1
42 silly idealTree +-- dot-case@2.1.0
42 silly idealTree +-- ecc-jsbn@0.1.1
42 silly idealTree +-- ee-first@1.1.1
42 silly idealTree +-- ejs@2.4.1
42 silly idealTree +-- end-of-stream@1.0.0
42 silly idealTree | `-- once@1.3.3
42 silly idealTree +-- errno@0.1.4
42 silly idealTree +-- error-ex@1.3.0
42 silly idealTree +-- errorhandler@1.4.3
42 silly idealTree | +-- accepts@1.3.3
42 silly idealTree | +-- escape-html@1.0.3
42 silly idealTree | `-- negotiator@0.6.1
42 silly idealTree +-- es5-ext@0.10.12
42 silly idealTree +-- es6-iterator@2.0.0
42 silly idealTree +-- es6-promise@3.2.1
42 silly idealTree +-- es6-symbol@3.1.0
42 silly idealTree +-- es6-weak-map@0.1.4
42 silly idealTree | +-- es6-iterator@0.1.3
42 silly idealTree | `-- es6-symbol@2.0.1
42 silly idealTree +-- escape-html@1.0.2
42 silly idealTree +-- escape-string-regexp@1.0.5
42 silly idealTree +-- escodegen@1.7.1
42 silly idealTree | +-- esprima@1.2.5
42 silly idealTree | +-- estraverse@1.9.3
42 silly idealTree | `-- source-map@0.2.0
42 silly idealTree +-- esprima@1.0.4
42 silly idealTree +-- estraverse@1.8.0
42 silly idealTree +-- esutils@2.0.2
42 silly idealTree +-- etag@1.7.0
42 silly idealTree +-- event-emitter@0.3.4
42 silly idealTree +-- eventemitter2@0.4.14
42 silly idealTree +-- exit@0.1.2
42 silly idealTree +-- expand-brackets@0.1.5
42 silly idealTree +-- expand-range@1.8.2
42 silly idealTree +-- express-session@1.11.3
42 silly idealTree | +-- base64-url@1.2.1
42 silly idealTree | +-- depd@1.0.1
42 silly idealTree | `-- uid-safe@2.0.0
42 silly idealTree +-- express@4.13.3
42 silly idealTree | +-- depd@1.0.1
42 silly idealTree | `-- qs@4.0.0
42 silly idealTree +-- extend@3.0.0
42 silly idealTree +-- extglob@0.3.2
42 silly idealTree +-- extract-zip@1.5.0
42 silly idealTree | `-- debug@0.7.4
42 silly idealTree +-- extsprintf@1.0.2
42 silly idealTree +-- fast-levenshtein@1.0.7
42 silly idealTree +-- faye-websocket@0.4.4
42 silly idealTree +-- fd-slicer@1.0.1
42 silly idealTree +-- figures@1.7.0
42 silly idealTree +-- filename-regex@2.0.0
42 silly idealTree +-- fileset@0.1.8
42 silly idealTree | +-- glob@3.2.11
42 silly idealTree | | `-- minimatch@0.3.0
42 silly idealTree | `-- minimatch@0.4.0
42 silly idealTree +-- fill-range@2.2.3
42 silly idealTree +-- finalhandler@0.4.0
42 silly idealTree +-- find-up@1.1.2
42 silly idealTree +-- findup-sync@0.1.3
42 silly idealTree | +-- glob@3.2.11
42 silly idealTree | `-- minimatch@0.3.0
42 silly idealTree +-- for-in@0.1.6
42 silly idealTree +-- for-own@0.1.4
42 silly idealTree +-- forever-agent@0.5.2
42 silly idealTree +-- form-data@0.2.0
42 silly idealTree | +-- mime-db@1.12.0
42 silly idealTree | `-- mime-types@2.0.14
42 silly idealTree +-- forwarded@0.1.0
42 silly idealTree +-- fresh@0.3.0
42 silly idealTree +-- fs-extra@0.26.7
42 silly idealTree | `-- graceful-fs@4.1.11
42 silly idealTree +-- fs.realpath@1.0.0
42 silly idealTree +-- fstream-ignore@1.0.5
42 silly idealTree +-- fstream@1.0.10
42 silly idealTree | `-- graceful-fs@4.1.11
42 silly idealTree +-- gaze@0.4.3
42 silly idealTree +-- generate-function@2.0.0
42 silly idealTree +-- generate-object-property@1.2.0
42 silly idealTree +-- get-stdin@4.0.1
42 silly idealTree +-- getobject@0.1.0
42 silly idealTree +-- getpass@0.1.6
42 silly idealTree | `-- assert-plus@1.0.0
42 silly idealTree +-- glob-base@0.3.0
42 silly idealTree +-- glob-parent@2.0.0
42 silly idealTree +-- glob@4.0.6
42 silly idealTree | `-- minimatch@1.0.0
42 silly idealTree +-- globule@0.1.0
42 silly idealTree | +-- glob@3.1.21
42 silly idealTree | +-- graceful-fs@1.2.3
42 silly idealTree | +-- inherits@1.0.2
42 silly idealTree | +-- lodash@1.0.2
42 silly idealTree | `-- minimatch@0.2.14
42 silly idealTree +-- got@0.3.0
42 silly idealTree | `-- object-assign@0.3.1
42 silly idealTree +-- graceful-fs@3.0.11
42 silly idealTree +-- graceful-readlink@1.0.1
42 silly idealTree +-- grunt-angular-templates@1.1.0
42 silly idealTree +-- grunt-cli@0.1.13
42 silly idealTree | `-- nopt@1.0.10
42 silly idealTree +-- grunt-concurrent@1.0.1
42 silly idealTree +-- grunt-contrib-clean@0.5.0
42 silly idealTree +-- grunt-contrib-concat@0.3.0
42 silly idealTree +-- grunt-contrib-jshint@0.6.5
42 silly idealTree +-- grunt-contrib-less@1.4.0
42 silly idealTree | +-- ansi-regex@2.0.0
42 silly idealTree | +-- ansi-styles@2.2.1
42 silly idealTree | +-- async@2.1.4
42 silly idealTree | +-- chalk@1.1.3
42 silly idealTree | +-- has-ansi@2.0.0
42 silly idealTree | +-- lodash@4.17.2
42 silly idealTree | +-- strip-ansi@3.0.1
42 silly idealTree | `-- supports-color@2.0.0
42 silly idealTree +-- grunt-contrib-uglify@0.2.7
42 silly idealTree | +-- async@0.2.10
42 silly idealTree | +-- source-map@0.1.34
42 silly idealTree | +-- uglify-js@2.4.24
42 silly idealTree | +-- wordwrap@0.0.2
42 silly idealTree | `-- yargs@3.5.4
42 silly idealTree +-- grunt-contrib-watch@0.5.3
42 silly idealTree +-- grunt-exec@0.4.7
42 silly idealTree +-- grunt-injector@0.5.4
42 silly idealTree +-- grunt-legacy-log-utils@0.1.1
42 silly idealTree | `-- underscore.string@2.3.3
42 silly idealTree +-- grunt-legacy-log@0.1.3
42 silly idealTree | `-- underscore.string@2.3.3
42 silly idealTree +-- grunt-legacy-util@0.2.0
42 silly idealTree | +-- async@0.1.22
42 silly idealTree | `-- lodash@0.9.2
42 silly idealTree +-- grunt-lib-contrib@0.6.1
42 silly idealTree +-- grunt@0.4.5
42 silly idealTree | +-- argparse@0.1.16
42 silly idealTree | | `-- underscore.string@2.4.0
42 silly idealTree | +-- async@0.1.22
42 silly idealTree | +-- glob@3.1.21
42 silly idealTree | +-- graceful-fs@1.2.3
42 silly idealTree | +-- iconv-lite@0.2.11
42 silly idealTree | +-- inherits@1.0.2
42 silly idealTree | +-- js-yaml@2.0.5
42 silly idealTree | +-- lodash@0.9.2
42 silly idealTree | +-- minimatch@0.2.14
42 silly idealTree | `-- nopt@1.0.10
42 silly idealTree +-- handlebars@2.0.0
42 silly idealTree | `-- optimist@0.3.7
42 silly idealTree +-- har-validator@2.0.6
42 silly idealTree | +-- ansi-regex@2.0.0
42 silly idealTree | +-- ansi-styles@2.2.1
42 silly idealTree | +-- chalk@1.1.3
42 silly idealTree | +-- has-ansi@2.0.0
42 silly idealTree | +-- strip-ansi@3.0.1
42 silly idealTree | `-- supports-color@2.0.0
42 silly idealTree +-- has-ansi@0.1.0
42 silly idealTree +-- has-color@0.1.7
42 silly idealTree +-- has-flag@1.0.0
42 silly idealTree +-- hasha@2.2.0
42 silly idealTree +-- hawk@1.1.1
42 silly idealTree +-- he@1.1.0
42 silly idealTree +-- header-case@1.0.0
42 silly idealTree +-- hoek@0.9.1
42 silly idealTree +-- hooker@0.2.3
42 silly idealTree +-- hosted-git-info@2.1.5
42 silly idealTree +-- html-minifier@2.1.7
42 silly idealTree | +-- async@0.2.10
42 silly idealTree | +-- source-map@0.5.6
42 silly idealTree | `-- uglify-js@2.6.4
42 silly idealTree +-- http-errors@1.5.1
42 silly idealTree +-- http-proxy@0.10.4
42 silly idealTree +-- http-signature@0.10.1
42 silly idealTree +-- i@0.3.5
42 silly idealTree +-- ibrik@2.0.0
42 silly idealTree | +-- coffee-script@1.8.0
42 silly idealTree | | `-- mkdirp@0.3.5
42 silly idealTree | `-- esprima@1.2.5
42 silly idealTree +-- iconv-lite@0.4.13
42 silly idealTree +-- image-size@0.5.0
42 silly idealTree +-- indent-string@2.1.0
42 silly idealTree +-- inflight@1.0.6
42 silly idealTree +-- inherits@2.0.3
42 silly idealTree +-- ini@1.3.4
42 silly idealTree +-- inquirer@0.7.1
42 silly idealTree +-- insight@0.4.3
42 silly idealTree | +-- inquirer@0.6.0
42 silly idealTree | +-- object-assign@1.0.0
42 silly idealTree | `-- tough-cookie@0.12.1
42 silly idealTree +-- intersect@0.0.3
42 silly idealTree +-- ipaddr.js@1.0.5
42 silly idealTree +-- is-arrayish@0.2.1
42 silly idealTree +-- is-binary-path@1.0.1
42 silly idealTree +-- is-buffer@1.1.4
42 silly idealTree +-- is-builtin-module@1.0.0
42 silly idealTree +-- is-dotfile@1.0.2
42 silly idealTree +-- is-equal-shallow@0.1.3
42 silly idealTree +-- is-extendable@0.1.1
42 silly idealTree +-- is-extglob@1.0.0
42 silly idealTree +-- is-finite@1.0.2
42 silly idealTree +-- is-glob@2.0.1
42 silly idealTree +-- is-lower-case@1.1.3
42 silly idealTree +-- is-my-json-valid@2.15.0
42 silly idealTree +-- is-number@2.1.0
42 silly idealTree +-- is-posix-bracket@0.1.1
42 silly idealTree +-- is-primitive@2.0.0
42 silly idealTree +-- is-property@1.0.2
42 silly idealTree +-- is-root@1.0.0
42 silly idealTree +-- is-stream@1.1.0
42 silly idealTree +-- is-typedarray@1.0.0
42 silly idealTree +-- is-upper-case@1.1.2
42 silly idealTree +-- is-utf8@0.2.1
42 silly idealTree +-- isarray@0.0.1
42 silly idealTree +-- isexe@1.1.2
42 silly idealTree +-- isobject@2.1.0
42 silly idealTree | `-- isarray@1.0.0
42 silly idealTree +-- isstream@0.1.2
42 silly idealTree +-- istanbul@0.3.22
42 silly idealTree | +-- async@1.5.2
42 silly idealTree | +-- esprima@2.5.0
42 silly idealTree | +-- fileset@0.2.1
42 silly idealTree | +-- glob@5.0.15
42 silly idealTree | +-- handlebars@4.0.6
42 silly idealTree | +-- minimatch@2.0.10
42 silly idealTree | +-- resolve@1.1.7
42 silly idealTree | +-- source-map@0.4.4
42 silly idealTree | +-- supports-color@3.1.2
42 silly idealTree | +-- uglify-js@2.7.5
42 silly idealTree | | +-- async@0.2.10
42 silly idealTree | | `-- source-map@0.5.6
42 silly idealTree | +-- which@1.2.12
42 silly idealTree | `-- wordwrap@1.0.0
42 silly idealTree +-- jodid25519@1.0.2
42 silly idealTree +-- js-yaml@3.7.0
42 silly idealTree | `-- esprima@2.7.3
42 silly idealTree +-- jsbn@0.1.0
42 silly idealTree +-- jshint@2.1.11
42 silly idealTree | +-- minimatch@0.4.0
42 silly idealTree | `-- underscore@1.4.4
42 silly idealTree +-- json-schema@0.2.3
42 silly idealTree +-- json-stringify-safe@5.0.1
42 silly idealTree +-- jsonfile@2.4.0
42 silly idealTree | `-- graceful-fs@4.1.11
42 silly idealTree +-- jsonify@0.0.0
42 silly idealTree +-- jsonpointer@4.0.0
42 silly idealTree +-- jsprim@1.3.1
42 silly idealTree +-- junk@1.0.3
42 silly idealTree +-- karma-chrome-launcher@0.1.12
42 silly idealTree +-- karma-coverage@0.2.7
42 silly idealTree | +-- dateformat@1.0.12
42 silly idealTree | `-- minimatch@0.3.0
42 silly idealTree +-- karma-firefox-launcher@0.1.7
42 silly idealTree +-- karma-jasmine@0.2.3
42 silly idealTree +-- karma-phantomjs-launcher@0.1.4
42 silly idealTree +-- karma-spec-reporter@0.0.23
42 silly idealTree +-- karma@0.12.37
42 silly idealTree | +-- colors@1.1.2
42 silly idealTree | +-- glob@5.0.15
42 silly idealTree | +-- lodash@3.10.1
42 silly idealTree | +-- mime@1.3.4
42 silly idealTree | +-- minimatch@2.0.10
42 silly idealTree | +-- q@1.4.1
42 silly idealTree | +-- rimraf@2.5.4
42 silly idealTree | | +-- glob@7.1.1
42 silly idealTree | | `-- minimatch@3.0.3
42 silly idealTree | `-- source-map@0.4.4
42 silly idealTree +-- kew@0.7.0
42 silly idealTree +-- kind-of@3.0.4
42 silly idealTree +-- klaw@1.3.1
42 silly idealTree | `-- graceful-fs@4.1.11
42 silly idealTree +-- latest-version@0.2.0
42 silly idealTree +-- lazy-cache@1.0.4
42 silly idealTree +-- less@2.7.1
42 silly idealTree | +-- graceful-fs@4.1.11
42 silly idealTree | `-- source-map@0.5.6
42 silly idealTree +-- levn@0.2.5
42 silly idealTree +-- load-grunt-tasks@0.5.0
42 silly idealTree +-- load-json-file@1.1.0
42 silly idealTree | `-- graceful-fs@4.1.11
42 silly idealTree +-- lockfile@1.0.2
42 silly idealTree +-- lodash._isnative@2.4.1
42 silly idealTree +-- lodash._objecttypes@2.4.1
42 silly idealTree +-- lodash.debounce@2.4.1
42 silly idealTree +-- lodash.isfunction@2.4.1
42 silly idealTree +-- lodash.isobject@2.4.1
42 silly idealTree +-- lodash.now@2.4.1
42 silly idealTree +-- lodash@2.4.2
42 silly idealTree +-- log4js@0.6.38
42 silly idealTree | `-- semver@4.3.6
42 silly idealTree +-- longest@1.0.1
42 silly idealTree +-- loud-rejection@1.6.0
42 silly idealTree +-- lower-case-first@1.0.2
42 silly idealTree +-- lower-case@1.1.3
42 silly idealTree +-- lpad@1.0.0
42 silly idealTree +-- lru-cache@2.5.2
42 silly idealTree +-- lru-queue@0.1.0
42 silly idealTree +-- map-obj@1.0.1
42 silly idealTree +-- media-typer@0.3.0
42 silly idealTree +-- memoizee@0.3.10
42 silly idealTree +-- meow@3.7.0
42 silly idealTree | `-- minimist@1.2.0
42 silly idealTree +-- merge-descriptors@1.0.0
42 silly idealTree +-- method-override@2.3.7
42 silly idealTree | +-- debug@2.3.3
42 silly idealTree | +-- ms@0.7.2
42 silly idealTree | `-- vary@1.1.0
42 silly idealTree +-- methods@1.1.2
42 silly idealTree +-- micromatch@2.3.11
42 silly idealTree +-- mime-db@1.25.0
42 silly idealTree +-- mime-types@2.1.13
42 silly idealTree +-- mime@1.2.11
42 silly idealTree +-- minimatch@3.0.3
42 silly idealTree +-- minimist@0.0.10
42 silly idealTree +-- mkdirp@0.5.0
42 silly idealTree | `-- minimist@0.0.8
42 silly idealTree +-- mkpath@0.1.0
42 silly idealTree +-- mongodb-core@2.0.14
42 silly idealTree +-- mongodb@2.2.12
42 silly idealTree | +-- isarray@1.0.0
42 silly idealTree | `-- readable-stream@2.1.5
42 silly idealTree +-- morgan@1.6.1
42 silly idealTree | `-- depd@1.0.1
42 silly idealTree +-- mout@0.9.1
42 silly idealTree +-- ms@0.7.1
42 silly idealTree +-- multimatch@0.2.0
42 silly idealTree | `-- minimatch@0.3.0
42 silly idealTree +-- multiparty@3.3.2
42 silly idealTree | `-- readable-stream@1.1.14
42 silly idealTree +-- mute-stream@0.0.4
42 silly idealTree +-- nan@1.0.0
42 silly idealTree +-- natives@1.1.0
42 silly idealTree +-- ncname@1.0.0
42 silly idealTree +-- ncp@0.4.2
42 silly idealTree +-- negotiator@0.5.3
42 silly idealTree +-- next-tick@0.2.2
42 silly idealTree +-- no-case@2.3.0
42 silly idealTree +-- node-uuid@1.4.7
42 silly idealTree +-- nopt@3.0.6
42 silly idealTree +-- noptify@0.0.3
42 silly idealTree | `-- nopt@2.0.0
42 silly idealTree +-- normalize-package-data@2.3.5
42 silly idealTree +-- normalize-path@2.0.1
42 silly idealTree +-- npmconf@2.1.2
42 silly idealTree | `-- once@1.3.3
42 silly idealTree +-- number-is-nan@1.0.1
42 silly idealTree +-- oauth-sign@0.5.0
42 silly idealTree +-- object-assign@4.1.0
42 silly idealTree +-- object-keys@0.4.0
42 silly idealTree +-- object.omit@2.0.1
42 silly idealTree +-- on-finished@2.3.0
42 silly idealTree +-- on-headers@1.0.1
42 silly idealTree +-- once@1.4.0
42 silly idealTree +-- opn@1.0.2
42 silly idealTree +-- optimist@0.6.1
42 silly idealTree +-- optionator@0.5.0
42 silly idealTree +-- options@0.0.6
42 silly idealTree +-- os-name@1.0.3
42 silly idealTree +-- osenv@0.1.0
42 silly idealTree +-- osx-release@1.1.0
42 silly idealTree | `-- minimist@1.2.0
42 silly idealTree +-- p-throttler@0.1.0
42 silly idealTree | `-- q@0.9.7
42 silly idealTree +-- package-json@0.2.0
42 silly idealTree +-- pad-stdio@1.0.0
42 silly idealTree +-- param-case@2.1.0
42 silly idealTree +-- parse-glob@3.0.4
42 silly idealTree +-- parse-json@2.2.0
42 silly idealTree +-- parseurl@1.3.1
42 silly idealTree +-- pascal-case@2.0.0
42 silly idealTree +-- path-case@2.1.0
42 silly idealTree +-- path-exists@2.1.0
42 silly idealTree +-- path-is-absolute@1.0.1
42 silly idealTree +-- path-to-regexp@0.1.7
42 silly idealTree +-- path-type@1.1.0
42 silly idealTree | `-- graceful-fs@4.1.11
42 silly idealTree +-- pause@0.1.0
42 silly idealTree +-- pend@1.2.0
42 silly idealTree +-- phantomjs@1.9.20
42 silly idealTree | +-- assert-plus@0.2.0
42 silly idealTree | +-- async@2.1.4
42 silly idealTree | +-- aws-sign2@0.6.0
42 silly idealTree | +-- bl@1.0.3
42 silly idealTree | +-- boom@2.10.1
42 silly idealTree | +-- caseless@0.11.0
42 silly idealTree | +-- combined-stream@1.0.5
42 silly idealTree | +-- cryptiles@2.0.5
42 silly idealTree | +-- delayed-stream@1.0.0
42 silly idealTree | +-- forever-agent@0.6.1
42 silly idealTree | +-- form-data@1.0.1
42 silly idealTree | +-- hawk@3.1.3
42 silly idealTree | +-- hoek@2.16.3
42 silly idealTree | +-- http-signature@1.1.1
42 silly idealTree | +-- isarray@1.0.0
42 silly idealTree | +-- lodash@4.17.2
42 silly idealTree | +-- oauth-sign@0.8.2
42 silly idealTree | +-- qs@5.2.1
42 silly idealTree | +-- readable-stream@2.0.6
42 silly idealTree | +-- request-progress@2.0.1
42 silly idealTree | +-- request@2.67.0
42 silly idealTree | +-- sntp@1.0.9
42 silly idealTree | +-- throttleit@1.0.0
42 silly idealTree | +-- tough-cookie@2.2.2
42 silly idealTree | `-- which@1.2.12
42 silly idealTree +-- pify@2.3.0
42 silly idealTree +-- pinkie-promise@2.0.1
42 silly idealTree +-- pinkie@2.0.4
42 silly idealTree +-- pkginfo@0.3.1
42 silly idealTree +-- policyfile@0.0.4
42 silly idealTree +-- prelude-ls@1.1.2
42 silly idealTree +-- preserve@0.2.0
42 silly idealTree +-- pretty-ms@0.1.0
42 silly idealTree +-- process-nextick-args@1.0.7
42 silly idealTree +-- progress@1.1.8
42 silly idealTree +-- promise@7.1.1
42 silly idealTree +-- promptly@0.2.0
42 silly idealTree +-- proto-list@1.2.4
42 silly idealTree +-- proxy-addr@1.0.10
42 silly idealTree +-- prr@0.0.0
42 silly idealTree +-- pump@0.3.5
42 silly idealTree | `-- once@1.2.0
42 silly idealTree +-- punycode@1.4.1
42 silly idealTree +-- q@1.0.1
42 silly idealTree +-- qs@6.2.0
42 silly idealTree +-- random-bytes@1.0.0
42 silly idealTree +-- randomatic@1.1.6
42 silly idealTree +-- range-parser@1.0.3
42 silly idealTree +-- raw-body@2.1.7
42 silly idealTree +-- read-pkg-up@1.0.1
42 silly idealTree +-- read-pkg@1.1.0
42 silly idealTree +-- read@1.0.7
42 silly idealTree +-- readable-stream@1.0.34
42 silly idealTree +-- readdirp@2.1.0
42 silly idealTree | +-- graceful-fs@4.1.11
42 silly idealTree | +-- isarray@1.0.0
42 silly idealTree | `-- readable-stream@2.2.2
42 silly idealTree +-- readline2@0.1.1
42 silly idealTree | +-- ansi-regex@1.1.1
42 silly idealTree | `-- strip-ansi@2.0.1
42 silly idealTree +-- redent@1.0.0
42 silly idealTree +-- redeyed@0.4.4
42 silly idealTree +-- redis@0.7.3
42 silly idealTree +-- regex-cache@0.4.3
42 silly idealTree +-- registry-url@0.1.1
42 silly idealTree +-- relateurl@0.2.7
42 silly idealTree +-- repeat-element@1.1.2
42 silly idealTree +-- repeat-string@1.6.1
42 silly idealTree +-- repeating@2.0.1
42 silly idealTree +-- request-progress@0.3.0
42 silly idealTree +-- request-promise-core@1.1.1
42 silly idealTree | `-- lodash@4.17.2
42 silly idealTree +-- request-promise@4.1.1
42 silly idealTree +-- request-replay@0.2.0
42 silly idealTree +-- request@2.79.0
42 silly idealTree | +-- assert-plus@0.2.0
42 silly idealTree | +-- aws-sign2@0.6.0
42 silly idealTree | +-- boom@2.10.1
42 silly idealTree | +-- caseless@0.11.0
42 silly idealTree | +-- combined-stream@1.0.5
42 silly idealTree | +-- cryptiles@2.0.5
42 silly idealTree | +-- delayed-stream@1.0.0
42 silly idealTree | +-- forever-agent@0.6.1
42 silly idealTree | +-- form-data@2.1.2
42 silly idealTree | +-- hawk@3.1.3
42 silly idealTree | +-- hoek@2.16.3
42 silly idealTree | +-- http-signature@1.1.1
42 silly idealTree | +-- oauth-sign@0.8.2
42 silly idealTree | +-- qs@6.3.0
42 silly idealTree | +-- sntp@1.0.9
42 silly idealTree | `-- uuid@3.0.1
42 silly idealTree +-- require_optional@1.0.0
42 silly idealTree | `-- semver@5.3.0
42 silly idealTree +-- resolve-from@2.0.0
42 silly idealTree +-- resolve@0.3.1
42 silly idealTree +-- response-time@2.3.2
42 silly idealTree +-- retry@0.6.0
42 silly idealTree +-- right-align@0.1.3
42 silly idealTree +-- rimraf@2.2.8
42 silly idealTree +-- rndm@1.2.0
42 silly idealTree +-- rx@2.5.3
42 silly idealTree +-- semver-diff@0.1.0
42 silly idealTree +-- semver@2.3.2
42 silly idealTree +-- send@0.13.0
42 silly idealTree | +-- depd@1.0.1
42 silly idealTree | +-- http-errors@1.3.1
42 silly idealTree | +-- mime@1.3.4
42 silly idealTree | `-- statuses@1.2.1
42 silly idealTree +-- sentence-case@2.1.0
42 silly idealTree +-- serve-favicon@2.3.2
42 silly idealTree | `-- ms@0.7.2
42 silly idealTree +-- serve-index@1.7.3
42 silly idealTree | +-- escape-html@1.0.3
42 silly idealTree | `-- http-errors@1.3.1
42 silly idealTree +-- serve-static@1.10.3
42 silly idealTree | +-- destroy@1.0.4
42 silly idealTree | +-- escape-html@1.0.3
42 silly idealTree | +-- http-errors@1.3.1
42 silly idealTree | +-- mime@1.3.4
42 silly idealTree | +-- send@0.13.2
42 silly idealTree | `-- statuses@1.2.1
42 silly idealTree +-- set-immediate-shim@1.0.1
42 silly idealTree +-- setprototypeof@1.0.2
42 silly idealTree +-- shell-quote@1.4.3
42 silly idealTree +-- shelljs@0.1.4
42 silly idealTree +-- sigmund@1.0.1
42 silly idealTree +-- signal-exit@3.0.1
42 silly idealTree +-- snake-case@2.1.0
42 silly idealTree +-- sntp@0.2.4
42 silly idealTree +-- socket.io-client@0.9.16
42 silly idealTree | `-- uglify-js@1.2.5
42 silly idealTree +-- socket.io@0.9.16
42 silly idealTree +-- source-map@0.1.43
42 silly idealTree +-- spdx-correct@1.0.2
42 silly idealTree +-- spdx-expression-parse@1.0.4
42 silly idealTree +-- spdx-license-ids@1.2.2
42 silly idealTree +-- sprintf-js@1.0.3
42 silly idealTree +-- sshpk@1.10.1
42 silly idealTree | +-- asn1@0.2.3
42 silly idealTree | `-- assert-plus@1.0.0
42 silly idealTree +-- statuses@1.3.1
42 silly idealTree +-- stealthy-require@1.0.0
42 silly idealTree +-- stream-counter@0.2.0
42 silly idealTree | `-- readable-stream@1.1.14
42 silly idealTree +-- string_decoder@0.10.31
42 silly idealTree +-- string-length@0.1.2
42 silly idealTree | +-- ansi-regex@0.1.0
42 silly idealTree | `-- strip-ansi@0.2.2
42 silly idealTree +-- stringify-object@1.0.1
42 silly idealTree +-- stringstream@0.0.5
42 silly idealTree +-- strip-ansi@0.3.0
42 silly idealTree +-- strip-bom@2.0.0
42 silly idealTree +-- strip-indent@1.0.1
42 silly idealTree +-- supports-color@0.2.0
42 silly idealTree +-- swap-case@1.1.2
42 silly idealTree +-- tar-fs@0.5.2
42 silly idealTree +-- tar-stream@0.4.7
42 silly idealTree +-- text-table@0.2.0
42 silly idealTree +-- throttleit@0.0.2
42 silly idealTree +-- through@2.3.8
42 silly idealTree +-- through2@0.4.2
42 silly idealTree | `-- xtend@2.1.2
42 silly idealTree +-- time-grunt@0.3.2
42 silly idealTree | +-- ansi-styles@1.0.0
42 silly idealTree | +-- chalk@0.4.0
42 silly idealTree | `-- strip-ansi@0.1.1
42 silly idealTree +-- timers-ext@0.1.0
42 silly idealTree +-- tiny-lr@0.0.4
42 silly idealTree | +-- debug@0.7.4
42 silly idealTree | `-- qs@0.5.6
42 silly idealTree +-- tinycolor@0.0.1
42 silly idealTree +-- title-case@2.1.0
42 silly idealTree +-- tmp@0.0.23
42 silly idealTree +-- touch@0.0.2
42 silly idealTree | `-- nopt@1.0.10
42 silly idealTree +-- tough-cookie@2.3.2
42 silly idealTree +-- traverse@0.3.9
42 silly idealTree +-- trim-newlines@1.0.0
42 silly idealTree +-- tsscmp@1.0.5
42 silly idealTree +-- tunnel-agent@0.4.3
42 silly idealTree +-- tweetnacl@0.14.3
42 silly idealTree +-- type-check@0.3.2
42 silly idealTree +-- type-is@1.6.14
42 silly idealTree +-- typedarray@0.0.6
42 silly idealTree +-- uglify-js@2.3.6
42 silly idealTree | +-- async@0.2.10
42 silly idealTree | `-- optimist@0.3.7
42 silly idealTree +-- uglify-to-browserify@1.0.2
42 silly idealTree +-- uid-number@0.0.5
42 silly idealTree +-- uid-safe@2.1.3
42 silly idealTree +-- underscore.string@2.2.1
42 silly idealTree +-- underscore@1.7.0
42 silly idealTree +-- unpipe@1.0.0
42 silly idealTree +-- update-notifier@0.2.0
42 silly idealTree +-- upper-case-first@1.1.2
42 silly idealTree +-- upper-case@1.1.3
42 silly idealTree +-- user-home@1.1.1
42 silly idealTree +-- useragent@2.1.9
42 silly idealTree | `-- lru-cache@2.2.4
42 silly idealTree +-- util-deprecate@1.0.2
42 silly idealTree +-- utile@0.2.1
42 silly idealTree | `-- async@0.2.10
42 silly idealTree +-- utils-merge@1.0.0
42 silly idealTree +-- uuid@2.0.3
42 silly idealTree +-- validate-npm-package-license@3.0.1
42 silly idealTree +-- vary@1.0.1
42 silly idealTree +-- verror@1.3.6
42 silly idealTree +-- vhost@3.0.2
42 silly idealTree +-- which@1.0.9
42 silly idealTree +-- win-release@1.1.1
42 silly idealTree | `-- semver@5.3.0
42 silly idealTree +-- window-size@0.1.0
42 silly idealTree +-- wiredep@1.7.3
42 silly idealTree | +-- ansi-styles@0.1.2
42 silly idealTree | +-- chalk@0.1.1
42 silly idealTree | +-- glob@3.2.11
42 silly idealTree | +-- lodash@1.3.1
42 silly idealTree | +-- minimatch@0.3.0
42 silly idealTree | `-- minimist@0.1.0
42 silly idealTree +-- wordwrap@0.0.3
42 silly idealTree +-- wrappy@1.0.2
42 silly idealTree +-- ws@0.4.32
42 silly idealTree | `-- commander@2.1.0
42 silly idealTree +-- xdg-basedir@1.0.1
42 silly idealTree +-- xml-char-classes@1.0.0
42 silly idealTree +-- xmlhttprequest@1.4.2
42 silly idealTree +-- xtend@4.0.1
42 silly idealTree +-- yargs@3.10.0
42 silly idealTree +-- yauzl@2.4.1
42 silly idealTree +-- zeparser@0.0.5
42 silly idealTree `-- zlib-browserify@0.0.1
43 silly generateActionsToTake Starting
44 silly install generateActionsToTake
45 silly generateActionsToTake Finishing
46 silly diffTrees action count 0
47 silly decomposeActions action count 0
48 silly executeActions Starting
49 silly install executeActions
50 silly doSerial global-install 0
51 silly doParallel fetch 0
52 verbose correctMkdir C:\Users\antoi\AppData\Roaming\npm-cache\_locks correctMkdir not in flight; initializing
53 verbose lock using C:\Users\antoi\AppData\Roaming\npm-cache\_locks\staging-7db88d8d89320487.lock for C:\Users\antoi\Documents\TWEB-Labo2-Poll\node_modules\.staging
54 silly doParallel extract 0
55 silly doParallel preinstall 0
56 silly doReverseSerial remove 0
57 silly doSerial move 0
58 silly doSerial finalize 0
59 silly doSerial build 0
60 silly doSerial global-link 0
61 silly doParallel update-linked 0
62 silly doSerial install 0
63 silly doSerial postinstall 0
64 verbose unlock done using C:\Users\antoi\AppData\Roaming\npm-cache\_locks\staging-7db88d8d89320487.lock for C:\Users\antoi\Documents\TWEB-Labo2-Poll\node_modules\.staging
65 silly executeActions Finishing
66 silly rollbackFailedOptional Starting
67 silly rollbackFailedOptional Finishing
68 silly runTopLevelLifecycles Starting
69 silly install runTopLevelLifecycles
70 silly preinstall githubexplorer@0.0.1 C:\Users\antoi\Documents\TWEB-Labo2-Poll\githubexplorer-ee3ebbed
71 info lifecycle githubexplorer@0.0.1~preinstall: githubexplorer@0.0.1
72 silly lifecycle githubexplorer@0.0.1~preinstall: no script for preinstall, continuing
73 silly build githubexplorer@0.0.1
74 info linkStuff githubexplorer@0.0.1
75 silly linkStuff githubexplorer@0.0.1 has C:\Users\antoi\Documents as its parent node_modules
76 verbose linkBins githubexplorer@0.0.1
77 verbose linkMans githubexplorer@0.0.1
78 silly install githubexplorer@0.0.1 C:\Users\antoi\Documents\TWEB-Labo2-Poll\githubexplorer-ee3ebbed
79 info lifecycle githubexplorer@0.0.1~install: githubexplorer@0.0.1
80 silly lifecycle githubexplorer@0.0.1~install: no script for install, continuing
81 silly postinstall githubexplorer@0.0.1 C:\Users\antoi\Documents\TWEB-Labo2-Poll\githubexplorer-ee3ebbed
82 info lifecycle githubexplorer@0.0.1~postinstall: githubexplorer@0.0.1
83 verbose lifecycle githubexplorer@0.0.1~postinstall: unsafe-perm in lifecycle true
84 verbose lifecycle githubexplorer@0.0.1~postinstall: PATH: C:\Program Files\nodejs\node_modules\npm\bin\node-gyp-bin;C:\Users\antoi\Documents\TWEB-Labo2-Poll\node_modules\.bin;C:\Program Files\nodejs;C:\Users\antoi\bin;C:\Program Files (x86)\Git\mingw32\bin;C:\Program Files (x86)\Git\usr\local\bin;C:\Program Files (x86)\Git\usr\bin;C:\Program Files (x86)\Git\usr\bin;C:\Program Files (x86)\Git\mingw32\bin;C:\Program Files (x86)\Git\usr\bin;C:\Users\antoi\bin;C:\ProgramData\Oracle\Java\javapath;C:\Windows\system32;C:\Windows;C:\Windows\System32\Wbem;C:\Windows\System32\WindowsPowerShell\v1.0;C:\Program Files (x86)\NVIDIA Corporation\PhysX\Common;C:\Program Files (x86)\GtkSharp\2.12\bin;C:\Program Files\Git\cmd;C:\Program Files\Java\jdk1.8.0_101\bin;C:\Program Files\nodejs;C:\Program Files (x86)\Skype\Phone;C:\Program Files (x86)\Heroku\bin;C:\Program Files (x86)\git\cmd;C:\Program Files\ffmpeg-3.1.5-win32-static\bin;C:\Users\antoi\AppData\Local\Programs\Python\Python35-32\Scripts;C:\Users\antoi\AppData\Local\Programs\Python\Python35-32;C:\Ruby21-x64\bin;C:\Users\antoi\AppData\Local\Microsoft\WindowsApps;C:\Users\antoi\AppData\Roaming\npm;C:\Program Files (x86)\Microsoft VS Code\bin;C:\Program Files\Docker Toolbox;C:\Program Files (x86)\Git\usr\bin\vendor_perl;C:\Program Files (x86)\Git\usr\bin\core_perl
85 verbose lifecycle githubexplorer@0.0.1~postinstall: CWD: C:\Users\antoi\Documents\TWEB-Labo2-Poll
86 silly lifecycle githubexplorer@0.0.1~postinstall: Args: [ '/d /s /c', 'bower install --config.interactive=false' ]
87 silly lifecycle githubexplorer@0.0.1~postinstall: Returned: code: 1  signal: null
88 info lifecycle githubexplorer@0.0.1~postinstall: Failed to exec postinstall script
89 warn optional Skipping failed optional dependency /chokidar/fsevents:
90 warn notsup Not compatible with your operating system or architecture: fsevents@1.0.15
91 verbose stack Error: githubexplorer@0.0.1 postinstall: `bower install --config.interactive=false`
91 verbose stack Exit status 1
91 verbose stack     at EventEmitter.<anonymous> (C:\Program Files\nodejs\node_modules\npm\lib\utils\lifecycle.js:242:16)
91 verbose stack     at emitTwo (events.js:106:13)
91 verbose stack     at EventEmitter.emit (events.js:191:7)
91 verbose stack     at ChildProcess.<anonymous> (C:\Program Files\nodejs\node_modules\npm\lib\utils\spawn.js:40:14)
91 verbose stack     at emitTwo (events.js:106:13)
91 verbose stack     at ChildProcess.emit (events.js:191:7)
91 verbose stack     at maybeClose (internal/child_process.js:877:16)
91 verbose stack     at Process.ChildProcess._handle.onexit (internal/child_process.js:226:5)
92 verbose pkgid githubexplorer@0.0.1
93 verbose cwd C:\Users\antoi\Documents\TWEB-Labo2-Poll
94 error Windows_NT 10.0.14393
95 error argv "C:\\Program Files\\nodejs\\node.exe" "C:\\Program Files\\nodejs\\node_modules\\npm\\bin\\npm-cli.js" "install"
96 error node v6.5.0
97 error npm  v3.10.3
98 error code ELIFECYCLE
99 error githubexplorer@0.0.1 postinstall: `bower install --config.interactive=false`
99 error Exit status 1
100 error Failed at the githubexplorer@0.0.1 postinstall script 'bower install --config.interactive=false'.
100 error Make sure you have the latest version of node.js and npm installed.
100 error If you do, this is most likely a problem with the githubexplorer package,
100 error not with npm itself.
100 error Tell the author that this fails on your system:
100 error     bower install --config.interactive=false
100 error You can get information on how to open an issue for this project with:
100 error     npm bugs githubexplorer
100 error Or if that isn't available, you can get their info via:
100 error     npm owner ls githubexplorer
100 error There is likely additional logging output above.
101 verbose exit [ 1, true ]
